#
# There is insufficient memory for the Java Runtime Environment to continue.
# Native memory allocation (mmap) failed to map 438390784 bytes for committing reserved memory.
# Possible reasons:
#   The system is out of physical RAM or swap space
#   In 32 bit mode, the process size limit was hit
# Possible solutions:
#   Reduce memory load on the system
#   Increase physical memory or swap space
#   Check if swap backing store is full
#   Use 64 bit Java on a 64 bit OS
#   Decrease Java heap size (-Xmx/-Xms)
#   Decrease number of Java threads
#   Decrease Java thread stack sizes (-Xss)
#   Set larger code cache with -XX:ReservedCodeCacheSize=
# This output file may be truncated or incomplete.
#
#  Out of Memory Error (os_linux.cpp:2640), pid=96150, tid=0x00007fb170285700
#
# JRE version: Java(TM) SE Runtime Environment (8.0_131-b11) (build 1.8.0_131-b11)
# Java VM: Java HotSpot(TM) 64-Bit Server VM (25.131-b11 mixed mode linux-amd64 compressed oops)
# Failed to write core dump. Core dumps have been disabled. To enable core dumping, try "ulimit -c unlimited" before starting Java again
#

---------------  T H R E A D  ---------------

Current thread (0x00007fb18006e000):  VMThread [stack: 0x00007fb170185000,0x00007fb170286000] [id=96159]

Stack: [0x00007fb170185000,0x00007fb170286000],  sp=0x00007fb170284100,  free space=1020k
Native frames: (J=compiled Java code, j=interpreted, Vv=VM code, C=native code)
V  [libjvm.so+0xac826a]  VMError::report_and_die()+0x2ba
V  [libjvm.so+0x4fd4cb]  report_vm_out_of_memory(char const*, int, unsigned long, VMErrorType, char const*)+0x8b
V  [libjvm.so+0x924f53]  os::Linux::commit_memory_impl(char*, unsigned long, bool)+0x103
V  [libjvm.so+0x9254a9]  os::pd_commit_memory(char*, unsigned long, unsigned long, bool)+0x29
V  [libjvm.so+0x91f6ca]  os::commit_memory(char*, unsigned long, unsigned long, bool)+0x2a
V  [libjvm.so+0xac3fc9]  VirtualSpace::expand_by(unsigned long, bool)+0x199
V  [libjvm.so+0x5faa65]  OneContigSpaceCardGeneration::grow_by(unsigned long)+0x25
V  [libjvm.so+0x5faede]  OneContigSpaceCardGeneration::expand(unsigned long, unsigned long)+0x3e
V  [libjvm.so+0x5ec194]  GenCollectedHeap::do_collection(bool, bool, unsigned long, bool, int)+0x734
V  [libjvm.so+0x488444]  GenCollectorPolicy::satisfy_failed_allocation(unsigned long, bool)+0x134
V  [libjvm.so+0xac9274]  VM_GenCollectForAllocation::doit()+0x94
V  [libjvm.so+0xad1765]  VM_Operation::evaluate()+0x55
V  [libjvm.so+0xacfb3a]  VMThread::evaluate_operation(VM_Operation*)+0xba
V  [libjvm.so+0xacfebe]  VMThread::loop()+0x1ce
V  [libjvm.so+0xad0330]  VMThread::run()+0x70
V  [libjvm.so+0x927568]  java_start(Thread*)+0x108

VM_Operation (0x00007fb187673680): GenCollectForAllocation, mode: safepoint, requested by thread 0x00007fb180009800


---------------  P R O C E S S  ---------------

Java Threads: ( => current thread )
  0x00007fb1800b4800 JavaThread "Service Thread" daemon [_thread_blocked, id=96172, stack(0x00007fb16b419000,0x00007fb16b51a000)]
  0x00007fb1800b1800 JavaThread "C1 CompilerThread1" daemon [_thread_blocked, id=96171, stack(0x00007fb16b51a000,0x00007fb16b61b000)]
  0x00007fb1800af000 JavaThread "C2 CompilerThread0" daemon [_thread_blocked, id=96168, stack(0x00007fb16b61b000,0x00007fb16b71c000)]
  0x00007fb1800ad800 JavaThread "Signal Dispatcher" daemon [_thread_blocked, id=96165, stack(0x00007fb16b71c000,0x00007fb16b81d000)]
  0x00007fb18007a800 JavaThread "Finalizer" daemon [_thread_blocked, id=96161, stack(0x00007fb16beff000,0x00007fb16c000000)]
  0x00007fb180076000 JavaThread "Reference Handler" daemon [_thread_blocked, id=96160, stack(0x00007fb170084000,0x00007fb170185000)]
  0x00007fb180009800 JavaThread "main" [_thread_blocked, id=96158, stack(0x00007fb187574000,0x00007fb187675000)]

Other Threads:
=>0x00007fb18006e000 VMThread [stack: 0x00007fb170185000,0x00007fb170286000] [id=96159]
  0x00007fb1800b7800 WatcherThread [stack: 0x00007fb16b318000,0x00007fb16b419000] [id=96173]

VM state:at safepoint (normal execution)

VM Mutex/Monitor currently owned by a thread:  ([mutex/lock_event])
[0x00007fb180005ec0] Threads_lock - owner thread: 0x00007fb18006e000
[0x00007fb1800063c0] Heap_lock - owner thread: 0x00007fb180009800

Heap:
 def new generation   total 354240K, used 39293K [0x000000008c000000, 0x00000000a4060000, 0x00000000b2aa0000)
  eden space 314880K,  12% used [0x000000008c000000, 0x000000008e65f5a8, 0x000000009f380000)
  from space 39360K,   0% used [0x000000009f380000, 0x000000009f380000, 0x00000000a19f0000)
  to   space 39360K,   0% used [0x00000000a19f0000, 0x00000000a19f0000, 0x00000000a4060000)
 tenured generation   total 838956K, used 838955K [0x00000000b2aa0000, 0x00000000e5deb000, 0x0000000100000000)
   the space 838956K,  99% used [0x00000000b2aa0000, 0x00000000e5deaff0, 0x00000000e5deb000, 0x00000000e5deb000)
 Metaspace       used 2572K, capacity 4554K, committed 4864K, reserved 1056768K
  class space    used 276K, capacity 386K, committed 512K, reserved 1048576K

Card table byte_map: [0x00007fb170c5f000,0x00007fb171000000] byte_map_base: 0x00007fb1707ff000

Polling page: 0x00007fb187691000

CodeCache: size=245760Kb used=1302Kb max_used=1313Kb free=244458Kb
 bounds [0x00007fb171000000, 0x00007fb171270000, 0x00007fb180000000]
 total_blobs=292 nmethods=64 adapters=143
 compilation: enabled

Compilation events (10 events):
Event: 3.045 Thread 0x00007fb1800af000   61       4       java.util.LinkedList::linkLast (59 bytes)
Event: 3.066 Thread 0x00007fb1800af000 nmethod 61 0x00007fb17111c5d0 code [0x00007fb17111c720, 0x00007fb17111c858]
Event: 3.066 Thread 0x00007fb1800af000   63       4       java.util.LinkedList::add (7 bytes)
Event: 3.067 Thread 0x00007fb1800af000 nmethod 63 0x00007fb171131350 code [0x00007fb1711314a0, 0x00007fb1711315f8]
Event: 3.067 Thread 0x00007fb1800af000   64       4       java.util.HashMap::entrySet (27 bytes)
Event: 3.067 Thread 0x00007fb1800af000 nmethod 64 0x00007fb171117a50 code [0x00007fb171117ba0, 0x00007fb171117c18]
Event: 3.067 Thread 0x00007fb1800af000   65       4       java.util.HashMap$EntrySet::iterator (12 bytes)
Event: 3.115 Thread 0x00007fb1800af000 nmethod 65 0x00007fb171132910 code [0x00007fb171132a80, 0x00007fb171132c98]
Event: 3.115 Thread 0x00007fb1800af000   55       4       java.lang.Integer::toString (48 bytes)
Event: 3.117 Thread 0x00007fb1800af000 nmethod 55 0x00007fb171132310 code [0x00007fb171132480, 0x00007fb1711326d8]

GC Heap History (10 events):
Event: 41.652 GC heap after
Heap after GC invocations=20 (full 3):
 def new generation   total 199296K, used 22080K [0x000000008c000000, 0x0000000099830000, 0x00000000b2aa0000)
  eden space 177216K,   0% used [0x000000008c000000, 0x000000008c000000, 0x0000000096d10000)
  from space 22080K, 100% used [0x00000000982a0000, 0x0000000099830000, 0x0000000099830000)
  to   space 22080K,   0% used [0x0000000096d10000, 0x0000000096d10000, 0x00000000982a0000)
 tenured generation   total 442700K, used 417083K [0x00000000b2aa0000, 0x00000000cdaf3000, 0x0000000100000000)
   the space 442700K,  94% used [0x00000000b2aa0000, 0x00000000cc1eec08, 0x00000000cc1eee00, 0x00000000cdaf3000)
 Metaspace       used 2572K, capacity 4554K, committed 4864K, reserved 1056768K
  class space    used 276K, capacity 386K, committed 512K, reserved 1048576K
}
Event: 42.126 GC heap before
{Heap before GC invocations=20 (full 3):
 def new generation   total 199296K, used 199296K [0x000000008c000000, 0x0000000099830000, 0x00000000b2aa0000)
  eden space 177216K, 100% used [0x000000008c000000, 0x0000000096d10000, 0x0000000096d10000)
  from space 22080K, 100% used [0x00000000982a0000, 0x0000000099830000, 0x0000000099830000)
  to   space 22080K,   0% used [0x0000000096d10000, 0x0000000096d10000, 0x00000000982a0000)
 tenured generation   total 442700K, used 417083K [0x00000000b2aa0000, 0x00000000cdaf3000, 0x0000000100000000)
   the space 442700K,  94% used [0x00000000b2aa0000, 0x00000000cc1eec08, 0x00000000cc1eee00, 0x00000000cdaf3000)
 Metaspace       used 2572K, capacity 4554K, committed 4864K, reserved 1056768K
  class space    used 276K, capacity 386K, committed 512K, reserved 1048576K
Event: 45.188 GC heap after
Heap after GC invocations=21 (full 4):
 def new generation   total 354240K, used 21891K [0x000000008c000000, 0x00000000a4060000, 0x00000000b2aa0000)
  eden space 314880K,   6% used [0x000000008c000000, 0x000000008d560c18, 0x000000009f380000)
  from space 39360K,   0% used [0x000000009f380000, 0x000000009f380000, 0x00000000a19f0000)
  to   space 39360K,   0% used [0x00000000a19f0000, 0x00000000a19f0000, 0x00000000a4060000)
 tenured generation   total 787116K, used 472268K [0x00000000b2aa0000, 0x00000000e2b4b000, 0x0000000100000000)
   the space 787116K,  59% used [0x00000000b2aa0000, 0x00000000cf7d3000, 0x00000000cf7d3000, 0x00000000e2b4b000)
 Metaspace       used 2572K, capacity 4554K, committed 4864K, reserved 1056768K
  class space    used 276K, capacity 386K, committed 512K, reserved 1048576K
}
Event: 45.790 GC heap before
{Heap before GC invocations=21 (full 4):
 def new generation   total 354240K, used 314880K [0x000000008c000000, 0x00000000a4060000, 0x00000000b2aa0000)
  eden space 314880K, 100% used [0x000000008c000000, 0x000000009f380000, 0x000000009f380000)
  from space 39360K,   0% used [0x000000009f380000, 0x000000009f380000, 0x00000000a19f0000)
  to   space 39360K,   0% used [0x00000000a19f0000, 0x00000000a19f0000, 0x00000000a4060000)
 tenured generation   total 787116K, used 472268K [0x00000000b2aa0000, 0x00000000e2b4b000, 0x0000000100000000)
   the space 787116K,  59% used [0x00000000b2aa0000, 0x00000000cf7d3000, 0x00000000cf7d3000, 0x00000000e2b4b000)
 Metaspace       used 2572K, capacity 4554K, committed 4864K, reserved 1056768K
  class space    used 276K, capacity 386K, committed 512K, reserved 1048576K
Event: 47.287 GC heap after
Heap after GC invocations=22 (full 4):
 def new generation   total 354240K, used 39360K [0x000000008c000000, 0x00000000a4060000, 0x00000000b2aa0000)
  eden space 314880K,   0% used [0x000000008c000000, 0x000000008c000000, 0x000000009f380000)
  from space 39360K, 100% used [0x00000000a19f0000, 0x00000000a4060000, 0x00000000a4060000)
  to   space 39360K,   0% used [0x000000009f380000, 0x000000009f380000, 0x00000000a19f0000)
 tenured generation   total 787116K, used 545726K [0x00000000b2aa0000, 0x00000000e2b4b000, 0x0000000100000000)
   the space 787116K,  69% used [0x00000000b2aa0000, 0x00000000d3f8f8d8, 0x00000000d3f8fa00, 0x00000000e2b4b000)
 Metaspace       used 2572K, capacity 4554K, committed 4864K, reserved 1056768K
  class space    used 276K, capacity 386K, committed 512K, reserved 1048576K
}
Event: 47.988 GC heap before
{Heap before GC invocations=22 (full 4):
 def new generation   total 354240K, used 354240K [0x000000008c000000, 0x00000000a4060000, 0x00000000b2aa0000)
  eden space 314880K, 100% used [0x000000008c000000, 0x000000009f380000, 0x000000009f380000)
  from space 39360K, 100% used [0x00000000a19f0000, 0x00000000a4060000, 0x00000000a4060000)
  to   space 39360K,   0% used [0x000000009f380000, 0x000000009f380000, 0x00000000a19f0000)
 tenured generation   total 787116K, used 545726K [0x00000000b2aa0000, 0x00000000e2b4b000, 0x0000000100000000)
   the space 787116K,  69% used [0x00000000b2aa0000, 0x00000000d3f8f8d8, 0x00000000d3f8fa00, 0x00000000e2b4b000)
 Metaspace       used 2572K, capacity 4554K, committed 4864K, reserved 1056768K
  class space    used 276K, capacity 386K, committed 512K, reserved 1048576K
Event: 49.177 GC heap after
Heap after GC invocations=23 (full 4):
 def new generation   total 354240K, used 39360K [0x000000008c000000, 0x00000000a4060000, 0x00000000b2aa0000)
  eden space 314880K,   0% used [0x000000008c000000, 0x000000008c000000, 0x000000009f380000)
  from space 39360K, 100% used [0x000000009f380000, 0x00000000a19f0000, 0x00000000a19f0000)
  to   space 39360K,   0% used [0x00000000a19f0000, 0x00000000a19f0000, 0x00000000a4060000)
 tenured generation   total 787116K, used 643447K [0x00000000b2aa0000, 0x00000000e2b4b000, 0x0000000100000000)
   the space 787116K,  81% used [0x00000000b2aa0000, 0x00000000d9efdd30, 0x00000000d9efde00, 0x00000000e2b4b000)
 Metaspace       used 2572K, capacity 4554K, committed 4864K, reserved 1056768K
  class space    used 276K, capacity 386K, committed 512K, reserved 1048576K
}
Event: 50.395 GC heap before
{Heap before GC invocations=23 (full 4):
 def new generation   total 354240K, used 354240K [0x000000008c000000, 0x00000000a4060000, 0x00000000b2aa0000)
  eden space 314880K, 100% used [0x000000008c000000, 0x000000009f380000, 0x000000009f380000)
  from space 39360K, 100% used [0x000000009f380000, 0x00000000a19f0000, 0x00000000a19f0000)
  to   space 39360K,   0% used [0x00000000a19f0000, 0x00000000a19f0000, 0x00000000a4060000)
 tenured generation   total 787116K, used 643447K [0x00000000b2aa0000, 0x00000000e2b4b000, 0x0000000100000000)
   the space 787116K,  81% used [0x00000000b2aa0000, 0x00000000d9efdd30, 0x00000000d9efde00, 0x00000000e2b4b000)
 Metaspace       used 2572K, capacity 4554K, committed 4864K, reserved 1056768K
  class space    used 276K, capacity 386K, committed 512K, reserved 1048576K
Event: 52.209 GC heap after
Heap after GC invocations=24 (full 4):
 def new generation   total 354240K, used 39360K [0x000000008c000000, 0x00000000a4060000, 0x00000000b2aa0000)
  eden space 314880K,   0% used [0x000000008c000000, 0x000000008c000000, 0x000000009f380000)
  from space 39360K, 100% used [0x00000000a19f0000, 0x00000000a4060000, 0x00000000a4060000)
  to   space 39360K,   0% used [0x000000009f380000, 0x000000009f380000, 0x00000000a19f0000)
 tenured generation   total 787116K, used 741168K [0x00000000b2aa0000, 0x00000000e2b4b000, 0x0000000100000000)
   the space 787116K,  94% used [0x00000000b2aa0000, 0x00000000dfe6c188, 0x00000000dfe6c200, 0x00000000e2b4b000)
 Metaspace       used 2572K, capacity 4554K, committed 4864K, reserved 1056768K
  class space    used 276K, capacity 386K, committed 512K, reserved 1048576K
}
Event: 53.562 GC heap before
{Heap before GC invocations=24 (full 4):
 def new generation   total 354240K, used 354240K [0x000000008c000000, 0x00000000a4060000, 0x00000000b2aa0000)
  eden space 314880K, 100% used [0x000000008c000000, 0x000000009f380000, 0x000000009f380000)
  from space 39360K, 100% used [0x00000000a19f0000, 0x00000000a4060000, 0x00000000a4060000)
  to   space 39360K,   0% used [0x000000009f380000, 0x000000009f380000, 0x00000000a19f0000)
 tenured generation   total 787116K, used 741168K [0x00000000b2aa0000, 0x00000000e2b4b000, 0x0000000100000000)
   the space 787116K,  94% used [0x00000000b2aa0000, 0x00000000dfe6c188, 0x00000000dfe6c200, 0x00000000e2b4b000)
 Metaspace       used 2572K, capacity 4554K, committed 4864K, reserved 1056768K
  class space    used 276K, capacity 386K, committed 512K, reserved 1048576K

Deoptimization events (0 events):
No events

Internal exceptions (2 events):
Event: 0.466 Thread 0x00007fb180009800 Exception <a 'java/lang/NoSuchMethodError': Method sun.misc.Unsafe.defineClass(Ljava/lang/String;[BII)Ljava/lang/Class; name or signature does not match> (0x000000008c007ca8) thrown at [/HUDSON/workspace/8-2-build-linux-amd64/jdk8u131/8869/hotspot/src/sha
Event: 0.466 Thread 0x00007fb180009800 Exception <a 'java/lang/NoSuchMethodError': Method sun.misc.Unsafe.prefetchRead(Ljava/lang/Object;J)V name or signature does not match> (0x000000008c007f90) thrown at [/HUDSON/workspace/8-2-build-linux-amd64/jdk8u131/8869/hotspot/src/share/vm/prims/jni.cp

Events (10 events):
Event: 41.652 Executing VM operation: GenCollectForAllocation done
Event: 42.126 Executing VM operation: GenCollectForAllocation
Event: 45.194 Executing VM operation: GenCollectForAllocation done
Event: 45.790 Executing VM operation: GenCollectForAllocation
Event: 47.296 Executing VM operation: GenCollectForAllocation done
Event: 47.988 Executing VM operation: GenCollectForAllocation
Event: 49.177 Executing VM operation: GenCollectForAllocation done
Event: 50.395 Executing VM operation: GenCollectForAllocation
Event: 52.209 Executing VM operation: GenCollectForAllocation done
Event: 53.562 Executing VM operation: GenCollectForAllocation


Dynamic libraries:
00400000-00401000 r-xp 00000000 08:01 13712                              /usr/lib/jvm/jdk1.8.0_131/bin/java
00600000-00601000 rw-p 00000000 08:01 13712                              /usr/lib/jvm/jdk1.8.0_131/bin/java
02149000-0216a000 rw-p 00000000 00:00 0                                  [heap]
8c000000-a4060000 rw-p 00000000 00:00 0 
a4060000-b2aa0000 ---p 00000000 00:00 0 
b2aa0000-e5deb000 rw-p 00000000 00:00 0 
100000000-100080000 rw-p 00000000 00:00 0 
100080000-140000000 ---p 00000000 00:00 0 
7fb14c000000-7fb14c021000 rw-p 00000000 00:00 0 
7fb14c021000-7fb150000000 ---p 00000000 00:00 0 
7fb150000000-7fb151fac000 rw-p 00000000 00:00 0 
7fb151fac000-7fb154000000 ---p 00000000 00:00 0 
7fb154000000-7fb1541ec000 rw-p 00000000 00:00 0 
7fb1541ec000-7fb158000000 ---p 00000000 00:00 0 
7fb158000000-7fb15825e000 rw-p 00000000 00:00 0 
7fb15825e000-7fb15c000000 ---p 00000000 00:00 0 
7fb15c000000-7fb15c021000 rw-p 00000000 00:00 0 
7fb15c021000-7fb160000000 ---p 00000000 00:00 0 
7fb160000000-7fb160021000 rw-p 00000000 00:00 0 
7fb160021000-7fb164000000 ---p 00000000 00:00 0 
7fb164000000-7fb164021000 rw-p 00000000 00:00 0 
7fb164021000-7fb168000000 ---p 00000000 00:00 0 
7fb16b318000-7fb16b319000 ---p 00000000 00:00 0 
7fb16b319000-7fb16b419000 rw-p 00000000 00:00 0 
7fb16b419000-7fb16b41c000 ---p 00000000 00:00 0 
7fb16b41c000-7fb16b51a000 rw-p 00000000 00:00 0 
7fb16b51a000-7fb16b51d000 ---p 00000000 00:00 0 
7fb16b51d000-7fb16b61b000 rw-p 00000000 00:00 0 
7fb16b61b000-7fb16b61e000 ---p 00000000 00:00 0 
7fb16b61e000-7fb16b71c000 rw-p 00000000 00:00 0 
7fb16b71c000-7fb16b71f000 ---p 00000000 00:00 0 
7fb16b71f000-7fb16b81d000 rw-p 00000000 00:00 0 
7fb16b81d000-7fb16beff000 r--p 00000000 08:01 8213                       /usr/lib/locale/locale-archive
7fb16beff000-7fb16bf02000 ---p 00000000 00:00 0 
7fb16bf02000-7fb16c000000 rw-p 00000000 00:00 0 
7fb16c000000-7fb170000000 rw-p 00000000 00:00 0 
7fb170084000-7fb170087000 ---p 00000000 00:00 0 
7fb170087000-7fb170185000 rw-p 00000000 00:00 0 
7fb170185000-7fb170186000 ---p 00000000 00:00 0 
7fb170186000-7fb170286000 rw-p 00000000 00:00 0 
7fb170286000-7fb17045f000 r--s 03d40000 08:01 13902                      /usr/lib/jvm/jdk1.8.0_131/jre/lib/rt.jar
7fb17045f000-7fb17089f000 rw-p 00000000 00:00 0 
7fb17089f000-7fb170c5f000 ---p 00000000 00:00 0 
7fb170c5f000-7fb170d20000 rw-p 00000000 00:00 0 
7fb170d20000-7fb170d94000 ---p 00000000 00:00 0 
7fb170d94000-7fb170f2e000 rw-p 00000000 00:00 0 
7fb170f2e000-7fb170fff000 ---p 00000000 00:00 0 
7fb170fff000-7fb171000000 rw-p 00000000 00:00 0 
7fb171000000-7fb171270000 rwxp 00000000 00:00 0 
7fb171270000-7fb180000000 ---p 00000000 00:00 0 
7fb180000000-7fb1800d1000 rw-p 00000000 00:00 0 
7fb1800d1000-7fb184000000 ---p 00000000 00:00 0 
7fb184040000-7fb184250000 rw-p 00000000 00:00 0 
7fb184250000-7fb184321000 ---p 00000000 00:00 0 
7fb184321000-7fb18432b000 rw-p 00000000 00:00 0 
7fb18432b000-7fb1846e1000 ---p 00000000 00:00 0 
7fb1846e1000-7fb1846fb000 r-xp 00000000 08:01 428295                     /usr/lib/jvm/jdk1.8.0_131/jre/lib/amd64/libzip.so
7fb1846fb000-7fb1848fb000 ---p 0001a000 08:01 428295                     /usr/lib/jvm/jdk1.8.0_131/jre/lib/amd64/libzip.so
7fb1848fb000-7fb1848fc000 rw-p 0001a000 08:01 428295                     /usr/lib/jvm/jdk1.8.0_131/jre/lib/amd64/libzip.so
7fb1848fc000-7fb184906000 r-xp 00000000 08:01 334444                     /lib/x86_64-linux-gnu/libnss_files-2.19.so
7fb184906000-7fb184b05000 ---p 0000a000 08:01 334444                     /lib/x86_64-linux-gnu/libnss_files-2.19.so
7fb184b05000-7fb184b06000 r--p 00009000 08:01 334444                     /lib/x86_64-linux-gnu/libnss_files-2.19.so
7fb184b06000-7fb184b07000 rw-p 0000a000 08:01 334444                     /lib/x86_64-linux-gnu/libnss_files-2.19.so
7fb184b07000-7fb184b12000 r-xp 00000000 08:01 334429                     /lib/x86_64-linux-gnu/libnss_nis-2.19.so
7fb184b12000-7fb184d11000 ---p 0000b000 08:01 334429                     /lib/x86_64-linux-gnu/libnss_nis-2.19.so
7fb184d11000-7fb184d12000 r--p 0000a000 08:01 334429                     /lib/x86_64-linux-gnu/libnss_nis-2.19.so
7fb184d12000-7fb184d13000 rw-p 0000b000 08:01 334429                     /lib/x86_64-linux-gnu/libnss_nis-2.19.so
7fb184d13000-7fb184d2a000 r-xp 00000000 08:01 334438                     /lib/x86_64-linux-gnu/libnsl-2.19.so
7fb184d2a000-7fb184f29000 ---p 00017000 08:01 334438                     /lib/x86_64-linux-gnu/libnsl-2.19.so
7fb184f29000-7fb184f2a000 r--p 00016000 08:01 334438                     /lib/x86_64-linux-gnu/libnsl-2.19.so
7fb184f2a000-7fb184f2b000 rw-p 00017000 08:01 334438                     /lib/x86_64-linux-gnu/libnsl-2.19.so
7fb184f2b000-7fb184f2d000 rw-p 00000000 00:00 0 
7fb184f2d000-7fb184f36000 r-xp 00000000 08:01 334436                     /lib/x86_64-linux-gnu/libnss_compat-2.19.so
7fb184f36000-7fb185135000 ---p 00009000 08:01 334436                     /lib/x86_64-linux-gnu/libnss_compat-2.19.so
7fb185135000-7fb185136000 r--p 00008000 08:01 334436                     /lib/x86_64-linux-gnu/libnss_compat-2.19.so
7fb185136000-7fb185137000 rw-p 00009000 08:01 334436                     /lib/x86_64-linux-gnu/libnss_compat-2.19.so
7fb185137000-7fb185162000 r-xp 00000000 08:01 428285                     /usr/lib/jvm/jdk1.8.0_131/jre/lib/amd64/libjava.so
7fb185162000-7fb185361000 ---p 0002b000 08:01 428285                     /usr/lib/jvm/jdk1.8.0_131/jre/lib/amd64/libjava.so
7fb185361000-7fb185363000 rw-p 0002a000 08:01 428285                     /usr/lib/jvm/jdk1.8.0_131/jre/lib/amd64/libjava.so
7fb185363000-7fb185370000 r-xp 00000000 08:01 428294                     /usr/lib/jvm/jdk1.8.0_131/jre/lib/amd64/libverify.so
7fb185370000-7fb18556f000 ---p 0000d000 08:01 428294                     /usr/lib/jvm/jdk1.8.0_131/jre/lib/amd64/libverify.so
7fb18556f000-7fb185571000 rw-p 0000c000 08:01 428294                     /usr/lib/jvm/jdk1.8.0_131/jre/lib/amd64/libverify.so
7fb185571000-7fb185578000 r-xp 00000000 08:01 334426                     /lib/x86_64-linux-gnu/librt-2.19.so
7fb185578000-7fb185777000 ---p 00007000 08:01 334426                     /lib/x86_64-linux-gnu/librt-2.19.so
7fb185777000-7fb185778000 r--p 00006000 08:01 334426                     /lib/x86_64-linux-gnu/librt-2.19.so
7fb185778000-7fb185779000 rw-p 00007000 08:01 334426                     /lib/x86_64-linux-gnu/librt-2.19.so
7fb185779000-7fb18587e000 r-xp 00000000 08:01 334439                     /lib/x86_64-linux-gnu/libm-2.19.so
7fb18587e000-7fb185a7d000 ---p 00105000 08:01 334439                     /lib/x86_64-linux-gnu/libm-2.19.so
7fb185a7d000-7fb185a7e000 r--p 00104000 08:01 334439                     /lib/x86_64-linux-gnu/libm-2.19.so
7fb185a7e000-7fb185a7f000 rw-p 00105000 08:01 334439                     /lib/x86_64-linux-gnu/libm-2.19.so
7fb185a7f000-7fb18674e000 r-xp 00000000 08:01 428325                     /usr/lib/jvm/jdk1.8.0_131/jre/lib/amd64/server/libjvm.so
7fb18674e000-7fb18694e000 ---p 00ccf000 08:01 428325                     /usr/lib/jvm/jdk1.8.0_131/jre/lib/amd64/server/libjvm.so
7fb18694e000-7fb186a27000 rw-p 00ccf000 08:01 428325                     /usr/lib/jvm/jdk1.8.0_131/jre/lib/amd64/server/libjvm.so
7fb186a27000-7fb186a72000 rw-p 00000000 00:00 0 
7fb186a72000-7fb186c30000 r-xp 00000000 08:01 334435                     /lib/x86_64-linux-gnu/libc-2.19.so
7fb186c30000-7fb186e2f000 ---p 001be000 08:01 334435                     /lib/x86_64-linux-gnu/libc-2.19.so
7fb186e2f000-7fb186e33000 r--p 001bd000 08:01 334435                     /lib/x86_64-linux-gnu/libc-2.19.so
7fb186e33000-7fb186e35000 rw-p 001c1000 08:01 334435                     /lib/x86_64-linux-gnu/libc-2.19.so
7fb186e35000-7fb186e3a000 rw-p 00000000 00:00 0 
7fb186e3a000-7fb186e3d000 r-xp 00000000 08:01 334445                     /lib/x86_64-linux-gnu/libdl-2.19.so
7fb186e3d000-7fb18703c000 ---p 00003000 08:01 334445                     /lib/x86_64-linux-gnu/libdl-2.19.so
7fb18703c000-7fb18703d000 r--p 00002000 08:01 334445                     /lib/x86_64-linux-gnu/libdl-2.19.so
7fb18703d000-7fb18703e000 rw-p 00003000 08:01 334445                     /lib/x86_64-linux-gnu/libdl-2.19.so
7fb18703e000-7fb187053000 r-xp 00000000 08:01 14893                      /usr/lib/jvm/jdk1.8.0_131/lib/amd64/jli/libjli.so
7fb187053000-7fb187253000 ---p 00015000 08:01 14893                      /usr/lib/jvm/jdk1.8.0_131/lib/amd64/jli/libjli.so
7fb187253000-7fb187254000 rw-p 00015000 08:01 14893                      /usr/lib/jvm/jdk1.8.0_131/lib/amd64/jli/libjli.so
7fb187254000-7fb18726d000 r-xp 00000000 08:01 334446                     /lib/x86_64-linux-gnu/libpthread-2.19.so
7fb18726d000-7fb18746c000 ---p 00019000 08:01 334446                     /lib/x86_64-linux-gnu/libpthread-2.19.so
7fb18746c000-7fb18746d000 r--p 00018000 08:01 334446                     /lib/x86_64-linux-gnu/libpthread-2.19.so
7fb18746d000-7fb18746e000 rw-p 00019000 08:01 334446                     /lib/x86_64-linux-gnu/libpthread-2.19.so
7fb18746e000-7fb187472000 rw-p 00000000 00:00 0 
7fb187472000-7fb187495000 r-xp 00000000 08:01 334443                     /lib/x86_64-linux-gnu/ld-2.19.so
7fb1874a2000-7fb187574000 rw-p 00000000 00:00 0 
7fb187574000-7fb187577000 ---p 00000000 00:00 0 
7fb187577000-7fb187679000 rw-p 00000000 00:00 0 
7fb187687000-7fb187688000 rw-p 00000000 00:00 0 
7fb187688000-7fb187690000 rw-s 00000000 08:01 551589                     /tmp/hsperfdata_zyj/96150
7fb187690000-7fb187691000 rw-p 00000000 00:00 0 
7fb187691000-7fb187692000 ---p 00000000 00:00 0 
7fb187692000-7fb187694000 rw-p 00000000 00:00 0 
7fb187694000-7fb187695000 r--p 00022000 08:01 334443                     /lib/x86_64-linux-gnu/ld-2.19.so
7fb187695000-7fb187696000 rw-p 00023000 08:01 334443                     /lib/x86_64-linux-gnu/ld-2.19.so
7fb187696000-7fb187697000 rw-p 00000000 00:00 0 
7ffeceeba000-7ffeceedc000 rw-p 00000000 00:00 0                          [stack]
7ffecef84000-7ffecef86000 r--p 00000000 00:00 0                          [vvar]
7ffecef86000-7ffecef88000 r-xp 00000000 00:00 0                          [vdso]
ffffffffff600000-ffffffffff601000 r-xp 00000000 00:00 0                  [vsyscall]

VM Arguments:
jvm_args: -Dfile.encoding=UTF-8 
java_command: myBFS
java_class_path (initial): /home/zyj/workspace/Ali/bin
Launcher Type: SUN_STANDARD

Environment Variables:
JAVA_HOME=/usr/lib/jvm/jdk1.8.0_131
JRE_HOME=/usr/lib/jvm/jdk1.8.0_131/jre
CLASSPATH=.::/usr/lib/jvm/jdk1.8.0_131/lib:/usr/lib/jvm/jdk1.8.0_131/jre/lib
PATH=/usr/local/sbin:/usr/local/bin:/usr/sbin:/usr/bin:/sbin:/bin:/usr/games:/usr/local/games:/usr/lib/jvm/jdk1.8.0_131/bin:/usr/lib/jvm/jdk1.8.0_131/jre/bin:/home/zyj/Applications/apache-maven-3.3.9/bin:/home/zyj/apache-tomcat-8.5.14/bin:/home/zyj/onos/tools/dev/bin:/home/zyj/onos/tools/test/bin:/home/zyj/onos/tools/test/scenarios/bin:/home/zyj/onos/tools/build:/home/zyj/Applications/apache-maven-3.3.9/bin:/home/zyj/Applications/apache-karaf-3.0.8/bin
SHELL=/bin/bash
DISPLAY=:0

Signal Handlers:
SIGSEGV: [libjvm.so+0xac8af0], sa_mask[0]=11111111011111111101111111111110, sa_flags=SA_RESTART|SA_SIGINFO
SIGBUS: [libjvm.so+0xac8af0], sa_mask[0]=11111111011111111101111111111110, sa_flags=SA_RESTART|SA_SIGINFO
SIGFPE: [libjvm.so+0x921dd0], sa_mask[0]=11111111011111111101111111111110, sa_flags=SA_RESTART|SA_SIGINFO
SIGPIPE: [libjvm.so+0x921dd0], sa_mask[0]=11111111011111111101111111111110, sa_flags=SA_RESTART|SA_SIGINFO
SIGXFSZ: [libjvm.so+0x921dd0], sa_mask[0]=11111111011111111101111111111110, sa_flags=SA_RESTART|SA_SIGINFO
SIGILL: [libjvm.so+0x921dd0], sa_mask[0]=11111111011111111101111111111110, sa_flags=SA_RESTART|SA_SIGINFO
SIGUSR1: SIG_DFL, sa_mask[0]=00000000000000000000000000000000, sa_flags=none
SIGUSR2: [libjvm.so+0x923610], sa_mask[0]=00100000000000000000000000000000, sa_flags=SA_RESTART|SA_SIGINFO
SIGHUP: [libjvm.so+0x924a10], sa_mask[0]=11111111011111111101111111111110, sa_flags=SA_RESTART|SA_SIGINFO
SIGINT: [libjvm.so+0x924a10], sa_mask[0]=11111111011111111101111111111110, sa_flags=SA_RESTART|SA_SIGINFO
SIGTERM: [libjvm.so+0x924a10], sa_mask[0]=11111111011111111101111111111110, sa_flags=SA_RESTART|SA_SIGINFO
SIGQUIT: [libjvm.so+0x924a10], sa_mask[0]=11111111011111111101111111111110, sa_flags=SA_RESTART|SA_SIGINFO


---------------  S Y S T E M  ---------------

OS:DISTRIB_ID=Ubuntu
DISTRIB_RELEASE=14.04
DISTRIB_CODENAME=trusty
DISTRIB_DESCRIPTION="Ubuntu 14.04.5 LTS"

uname:Linux 4.4.0-31-generic #50~14.04.1-Ubuntu SMP Wed Jul 13 01:07:32 UTC 2016 x86_64
libc:glibc 2.19 NPTL 2.19 
rlimit: STACK 8192k, CORE 0k, NPROC 29603, NOFILE 4096, AS infinity
load average:5.65 2.77 1.76

/proc/meminfo:
MemTotal:        7600764 kB
MemFree:          267664 kB
MemAvailable:     207112 kB
Buffers:            4624 kB
Cached:           164004 kB
SwapCached:            0 kB
Active:          6620576 kB
Inactive:         156420 kB
Active(anon):    6609704 kB
Inactive(anon):    57228 kB
Active(file):      10872 kB
Inactive(file):    99192 kB
Unevictable:          48 kB
Mlocked:              48 kB
SwapTotal:             0 kB
SwapFree:              0 kB
Dirty:               184 kB
Writeback:             0 kB
AnonPages:       6608420 kB
Mapped:           137356 kB
Shmem:             58552 kB
Slab:              92240 kB
SReclaimable:      38376 kB
SUnreclaim:        53864 kB
KernelStack:       12096 kB
PageTables:        45212 kB
NFS_Unstable:          0 kB
Bounce:                0 kB
WritebackTmp:          0 kB
CommitLimit:     3800380 kB
Committed_AS:   10070300 kB
VmallocTotal:   34359738367 kB
VmallocUsed:           0 kB
VmallocChunk:          0 kB
HardwareCorrupted:     0 kB
AnonHugePages:   3426304 kB
CmaTotal:              0 kB
CmaFree:               0 kB
HugePages_Total:       0
HugePages_Free:        0
HugePages_Rsvd:        0
HugePages_Surp:        0
Hugepagesize:       2048 kB
DirectMap4k:      149312 kB
DirectMap2M:     7673856 kB
DirectMap1G:     1048576 kB


CPU:total 1 (initial active 1) (1 cores per cpu, 1 threads per core) family 6 model 60 stepping 3, cmov, cx8, fxsr, mmx, sse, sse2, sse3, ssse3, sse4.1, sse4.2, popcnt, avx, avx2, aes, clmul, erms, lzcnt, tsc, tscinvbit, bmi1, bmi2

/proc/cpuinfo:
processor	: 0
vendor_id	: GenuineIntel
cpu family	: 6
model		: 60
model name	: Intel(R) Core(TM) i5-4590 CPU @ 3.30GHz
stepping	: 3
microcode	: 0x1e
cpu MHz		: 3292.388
cache size	: 6144 KB
physical id	: 0
siblings	: 1
core id		: 0
cpu cores	: 1
apicid		: 0
initial apicid	: 0
fpu		: yes
fpu_exception	: yes
cpuid level	: 13
wp		: yes
flags		: fpu vme de pse tsc msr pae mce cx8 apic sep mtrr pge mca cmov pat pse36 clflush dts mmx fxsr sse sse2 ss syscall nx pdpe1gb rdtscp lm constant_tsc arch_perfmon pebs bts nopl xtopology tsc_reliable nonstop_tsc aperfmperf eagerfpu pni pclmulqdq ssse3 fma cx16 pcid sse4_1 sse4_2 x2apic movbe popcnt tsc_deadline_timer aes xsave avx f16c rdrand hypervisor lahf_lm abm epb fsgsbase tsc_adjust bmi1 avx2 smep bmi2 invpcid xsaveopt dtherm ida arat pln pts
bugs		:
bogomips	: 6584.77
clflush size	: 64
cache_alignment	: 64
address sizes	: 42 bits physical, 48 bits virtual
power management:



Memory: 4k page, physical 7600764k(267664k free), swap 0k(0k free)

vm_info: Java HotSpot(TM) 64-Bit Server VM (25.131-b11) for linux-amd64 JRE (1.8.0_131-b11), built on Mar 15 2017 01:23:40 by "java_re" with gcc 4.3.0 20080428 (Red Hat 4.3.0-8)

time: Wed Jul 26 21:01:34 2017
elapsed time: 64 seconds (0d 0h 1m 4s)

